This is XeTeX, Version 3.14159265-2.6-0.99992 (TeX Live 2015/Debian) (preloaded format=xelatex 2017.8.23)  31 OCT 2017 15:47
entering extended mode
 restricted \write18 enabled.
 %&-line parsing enabled.
**AC-CH-nodef.tex
(./AC-CH-nodef.tex
LaTeX2e <2016/02/01>
Babel <3.9q> and hyphenation patterns for 81 language(s) loaded.
(/usr/share/texlive/texmf-dist/tex/latex/base/article.cls
Document Class: article 2014/09/29 v1.4h Standard LaTeX document class
(/usr/share/texlive/texmf-dist/tex/latex/base/size12.clo
File: size12.clo 2014/09/29 v1.4h Standard LaTeX file (size option)
)
\c@part=\count79
\c@section=\count80
\c@subsection=\count81
\c@subsubsection=\count82
\c@paragraph=\count83
\c@subparagraph=\count84
\c@figure=\count85
\c@table=\count86
\abovecaptionskip=\skip41
\belowcaptionskip=\skip42
\bibindent=\dimen102
)
(/usr/share/texlive/texmf-dist/tex/latex/fontspec/fontspec.sty
(/usr/share/texlive/texmf-dist/tex/latex/l3kernel/expl3.sty
Package: expl3 2016/01/19 v6377 L3 programming layer (loader) 

(/usr/share/texlive/texmf-dist/tex/latex/l3kernel/expl3-code.tex
Package: expl3 2016/01/19 v6377 L3 programming layer (code)
L3 Module: l3bootstrap 2016/01/01 v6339 L3 Bootstrap code
L3 Module: l3names 2015/12/21 v6328 L3 Namespace for primitives
L3 Module: l3basics 2015/11/22 v6315 L3 Basic definitions
L3 Module: l3expan 2015/09/10 v5983 L3 Argument expansion
L3 Module: l3tl 2015/09/29 v6121 L3 Token lists
L3 Module: l3str 2016/01/03 v6357 L3 Strings
L3 Module: l3seq 2015/08/05 v5777 L3 Sequences and stacks
L3 Module: l3int 2016/01/05 v6366 L3 Integers
\c_max_int=\count87
\l_tmpa_int=\count88
\l_tmpb_int=\count89
\g_tmpa_int=\count90
\g_tmpb_int=\count91
L3 Module: l3quark 2015/08/17 v5855 L3 Quarks
L3 Module: l3prg 2015/11/01 v6216 L3 Control structures
\g__prg_map_int=\count92
L3 Module: l3clist 2015/09/02 v5901 L3 Comma separated lists
L3 Module: l3token 2015/11/11 v6249 L3 Experimental token manipulation
L3 Module: l3prop 2016/01/05 v6366 L3 Property lists
L3 Module: l3msg 2015/09/28 v6113 L3 Messages
L3 Module: l3file 2015/12/03 v6317 L3 File and I/O operations
\l_iow_line_count_int=\count93
\l__iow_target_count_int=\count94
\l__iow_current_line_int=\count95
\l__iow_current_word_int=\count96
\l__iow_current_indentation_int=\count97
L3 Module: l3skip 2016/01/05 v6366 L3 Dimensions and skips
\c_zero_dim=\dimen103
\c_max_dim=\dimen104
\l_tmpa_dim=\dimen105
\l_tmpb_dim=\dimen106
\g_tmpa_dim=\dimen107
\g_tmpb_dim=\dimen108
\c_zero_skip=\skip43
\c_max_skip=\skip44
\l_tmpa_skip=\skip45
\l_tmpb_skip=\skip46
\g_tmpa_skip=\skip47
\g_tmpb_skip=\skip48
\c_zero_muskip=\muskip10
\c_max_muskip=\muskip11
\l_tmpa_muskip=\muskip12
\l_tmpb_muskip=\muskip13
\g_tmpa_muskip=\muskip14
\g_tmpb_muskip=\muskip15
L3 Module: l3keys 2015/11/17 v6284 L3 Key-value interfaces
\g__keyval_level_int=\count98
\l_keys_choice_int=\count99
L3 Module: l3fp 2015/08/25 v5890 L3 Floating points
\c__fp_leading_shift_int=\count100
\c__fp_middle_shift_int=\count101
\c__fp_trailing_shift_int=\count102
\c__fp_big_leading_shift_int=\count103
\c__fp_big_middle_shift_int=\count104
\c__fp_big_trailing_shift_int=\count105
\c__fp_Bigg_leading_shift_int=\count106
\c__fp_Bigg_middle_shift_int=\count107
\c__fp_Bigg_trailing_shift_int=\count108
L3 Module: l3box 2015/08/09 v5822 L3 Experimental boxes
\c_empty_box=\box26
\l_tmpa_box=\box27
\l_tmpb_box=\box28
\g_tmpa_box=\box29
\g_tmpb_box=\box30
L3 Module: l3coffins 2015/08/06 v5789 L3 Coffin code layer
\l__coffin_internal_box=\box31
\l__coffin_internal_dim=\dimen109
\l__coffin_offset_x_dim=\dimen110
\l__coffin_offset_y_dim=\dimen111
\l__coffin_x_dim=\dimen112
\l__coffin_y_dim=\dimen113
\l__coffin_x_prime_dim=\dimen114
\l__coffin_y_prime_dim=\dimen115
\c_empty_coffin=\box32
\l__coffin_aligned_coffin=\box33
\l__coffin_aligned_internal_coffin=\box34
\l_tmpa_coffin=\box35
\l_tmpb_coffin=\box36
\l__coffin_display_coffin=\box37
\l__coffin_display_coord_coffin=\box38
\l__coffin_display_pole_coffin=\box39
\l__coffin_display_offset_dim=\dimen116
\l__coffin_display_x_dim=\dimen117
\l__coffin_display_y_dim=\dimen118
L3 Module: l3color 2014/08/23 v5354 L3 Experimental color support
L3 Module: l3sys 2015/09/25 v6087 L3 Experimental system/runtime functions
L3 Module: l3candidates 2016/01/14 v6376 L3 Experimental additions to l3kernel
\l__box_top_dim=\dimen119
\l__box_bottom_dim=\dimen120
\l__box_left_dim=\dimen121
\l__box_right_dim=\dimen122
\l__box_top_new_dim=\dimen123
\l__box_bottom_new_dim=\dimen124
\l__box_left_new_dim=\dimen125
\l__box_right_new_dim=\dimen126
\l__box_internal_box=\box40
\l__coffin_bounding_shift_dim=\dimen127
\l__coffin_left_corner_dim=\dimen128
\l__coffin_right_corner_dim=\dimen129
\l__coffin_bottom_corner_dim=\dimen130
\l__coffin_top_corner_dim=\dimen131
\l__coffin_scaled_total_height_dim=\dimen132
\l__coffin_scaled_width_dim=\dimen133
L3 Module: l3luatex 2015/11/11 v6250 L3 Experimental LuaTeX-specific functions
)
(/usr/share/texlive/texmf-dist/tex/latex/l3kernel/l3xdvipdfmx.def
File: l3xdvidpfmx.def 2015/11/11 v6250 L3 Experimental driver: xdvipdfmx
))
(/usr/share/texlive/texmf-dist/tex/latex/l3packages/xparse/xparse.sty
Package: xparse 2016/01/19 v6377 L3 Experimental document command parser
\l__xparse_current_arg_int=\count109
\l__xparse_m_args_int=\count110
\l__xparse_mandatory_args_int=\count111
\l__xparse_processor_int=\count112
\l__xparse_v_nesting_int=\count113
)
Package: fontspec 2016/02/01 v2.5a Font selection for XeLaTeX and LuaLaTeX

(/usr/share/texlive/texmf-dist/tex/latex/fontspec/fontspec-xetex.sty
Package: fontspec-xetex 2016/02/01 v2.5a Font selection for XeLaTeX and LuaLaTe
X
\l_fontspec_script_int=\count114
\l_fontspec_language_int=\count115
\l_fontspec_strnum_int=\count116
\l__fontspec_tmpa_dim=\dimen134
\l__fontspec_tmpb_dim=\dimen135
\l__fontspec_tmpc_dim=\dimen136
\g__file_internal_ior=\read1

(/usr/share/texlive/texmf-dist/tex/latex/base/fontenc.sty
Package: fontenc 2005/09/27 v1.99g Standard LaTeX package

(/usr/share/texlive/texmf-dist/tex/latex/euenc/eu1enc.def
File: eu1enc.def 2010/05/27 v0.1h Experimental Unicode font encodings
)
LaTeX Font Info:    Try loading font information for EU1+lmr on input line 105.


(/usr/share/texlive/texmf-dist/tex/latex/euenc/eu1lmr.fd
File: eu1lmr.fd 2009/10/30 v1.6 Font defs for Latin Modern
))
(/usr/share/texlive/texmf-dist/tex/xelatex/xunicode/xunicode.sty
File: xunicode.sty 2011/09/09 v0.981 provides access to latin accents and many 
other characters in Unicode lower plane

(/usr/share/texmf/tex/latex/tipa/t3enc.def
File: t3enc.def 2001/12/31 T3 encoding
LaTeX Font Info:    Try loading font information for EU1+lmss on input line 357
.

(/usr/share/texlive/texmf-dist/tex/latex/euenc/eu1lmss.fd
File: eu1lmss.fd 2009/10/30 v1.6 Font defs for Latin Modern
))
\tipaTiiicode=\count117
\tipasavetokens=\toks14
\tipachecktokens=\toks15

(/usr/share/texlive/texmf-dist/tex/latex/graphics/graphicx.sty
Package: graphicx 2014/10/28 v1.0g Enhanced LaTeX Graphics (DPC,SPQR)

(/usr/share/texlive/texmf-dist/tex/latex/graphics/keyval.sty
Package: keyval 2014/10/28 v1.15 key=value parser (DPC)
\KV@toks@=\toks16
)
(/usr/share/texlive/texmf-dist/tex/latex/graphics/graphics.sty
Package: graphics 2016/01/03 v1.0q Standard LaTeX Graphics (DPC,SPQR)

(/usr/share/texlive/texmf-dist/tex/latex/graphics/trig.sty
Package: trig 2016/01/03 v1.10 sin cos tan (DPC)
)
(/usr/share/texlive/texmf-dist/tex/latex/latexconfig/graphics.cfg
File: graphics.cfg 2010/04/23 v1.9 graphics configuration of TeX Live
)
Package graphics Info: Driver file: xetex.def on input line 95.

(/usr/share/texlive/texmf-dist/tex/xelatex/xetex-def/xetex.def
File: xetex.def 2015/09/11 v4.06 LaTeX color/graphics driver for XeTeX (TeX Liv
e/RRM/JK)

(/usr/share/texlive/texmf-dist/tex/generic/oberdiek/infwarerr.sty
Package: infwarerr 2010/04/08 v1.3 Providing info/warning/error messages (HO)
)
(/usr/share/texlive/texmf-dist/tex/generic/oberdiek/ltxcmds.sty
Package: ltxcmds 2011/11/09 v1.22 LaTeX kernel commands for general use (HO)
)))
\Gin@req@height=\dimen137
\Gin@req@width=\dimen138
))
.................................................
. LaTeX info: "xparse/define-command"
. 
. Defining command \__fontspec_post_arg:w with sig. 'mmO{}' on line 353.
.................................................
.................................................
. LaTeX info: "xparse/define-command"
. 
. Defining command \fontspec with sig. 'om' on line 355.
.................................................
.................................................
. LaTeX info: "xparse/define-command"
. 
. Defining command \setmainfont with sig. 'om' on line 365.
.................................................
.................................................
. LaTeX info: "xparse/define-command"
. 
. Defining command \setsansfont with sig. 'om' on line 375.
.................................................
.................................................
. LaTeX info: "xparse/define-command"
. 
. Defining command \setmonofont with sig. 'om' on line 385.
.................................................
.................................................
. LaTeX info: "xparse/define-command"
. 
. Defining command \setmathrm with sig. 'om' on line 399.
.................................................
.................................................
. LaTeX info: "xparse/define-command"
. 
. Defining command \setboldmathrm with sig. 'om' on line 407.
.................................................
.................................................
. LaTeX info: "xparse/define-command"
. 
. Defining command \setmathsf with sig. 'om' on line 415.
.................................................
.................................................
. LaTeX info: "xparse/define-command"
. 
. Defining command \setmathtt with sig. 'om' on line 423.
.................................................
.................................................
. LaTeX info: "xparse/define-command"
. 
. Defining command \newfontfamily with sig. 'mom' on line 437.
.................................................
.................................................
. LaTeX info: "xparse/define-command"
. 
. Defining command \newfontface with sig. 'mom' on line 453.
.................................................
.................................................
. LaTeX info: "xparse/define-command"
. 
. Defining command \defaultfontfeatures with sig. 't+om' on line 467.
.................................................
.................................................
. LaTeX info: "xparse/define-command"
. 
. Defining command \addfontfeatures with sig. 'm' on line 529.
.................................................
.................................................
. LaTeX info: "xparse/define-command"
. 
. Defining command \newfontfeature with sig. 'mm' on line 540.
.................................................
.................................................
. LaTeX info: "xparse/define-command"
. 
. Defining command \newAATfeature with sig. 'mmmm' on line 548.
.................................................
.................................................
. LaTeX info: "xparse/define-command"
. 
. Defining command \newopentypefeature with sig. 'mmm' on line 556.
.................................................
.................................................
. LaTeX info: "xparse/define-command"
. 
. Defining command \aliasfontfeature with sig. 'mm' on line 577.
.................................................
.................................................
. LaTeX info: "xparse/define-command"
. 
. Defining command \aliasfontfeatureoption with sig. 'mmm' on line 586.
.................................................
.................................................
. LaTeX info: "xparse/define-command"
. 
. Defining command \newfontscript with sig. 'mm' on line 590.
.................................................
.................................................
. LaTeX info: "xparse/define-command"
. 
. Defining command \newfontlanguage with sig. 'mm' on line 594.
.................................................
.................................................
. LaTeX info: "xparse/define-command"
. 
. Defining command \DeclareFontsExtensions with sig. 'm' on line 599.
.................................................
\l__fontspec_tmp_int=\count118

(/usr/share/texlive/texmf-dist/tex/latex/fontspec/fontspec.cfg)
LaTeX Info: Redefining \itshape on input line 2705.
LaTeX Info: Redefining \slshape on input line 2710.
LaTeX Info: Redefining \scshape on input line 2715.
LaTeX Info: Redefining \upshape on input line 2720.
\l__fontspec_em_int=\count119
\l__fontspec_emdef_int=\count120
LaTeX Info: Redefining \em on input line 2736.
LaTeX Info: Redefining \emph on input line 2742.
LaTeX Info: Redefining \- on input line 2746.
.................................................
. LaTeX info: "xparse/redefine-command"
. 
. Redefining command \oldstylenums with sig. 'm' on line 2841.
.................................................
.................................................
. LaTeX info: "xparse/define-command"
. 
. Defining command \liningnums with sig. 'm' on line 2845.
.................................................
))
(/usr/share/texlive/texmf-dist/tex/latex/xltxtra/xltxtra.sty
Package: xltxtra 2016/01/21 v0.6 Improvements for the "XeLaTeX" format

(/usr/share/texlive/texmf-dist/tex/generic/oberdiek/ifluatex.sty
Package: ifluatex 2010/03/01 v1.3 Provides the ifluatex switch (HO)
Package ifluatex Info: LuaTeX not detected.
)
(/usr/share/texlive/texmf-dist/tex/generic/ifxetex/ifxetex.sty
Package: ifxetex 2010/09/12 v0.6 Provides ifxetex conditional
)
(/usr/share/texlive/texmf-dist/tex/latex/realscripts/realscripts.sty
Package: realscripts 2016/02/13 v0.3d Access OpenType subscripts and superscrip
ts
.................................................
. LaTeX info: "xparse/define-command"
. 
. Defining command \fakesubscript with sig. 'm' on line 19.
.................................................
.................................................
. LaTeX info: "xparse/define-command"
. 
. Defining command \fakesuperscript with sig. 'm' on line 22.
.................................................
.................................................
. LaTeX info: "xparse/redefine-command"
. 
. Redefining command \textsubscript with sig. 's' on line 25.
.................................................
.................................................
. LaTeX info: "xparse/redefine-command"
. 
. Redefining command \textsuperscript with sig. 's' on line 28.
.................................................
.................................................
. LaTeX info: "xparse/define-command"
. 
. Defining command \realsubscript with sig. 'm' on line 45.
.................................................
.................................................
. LaTeX info: "xparse/define-command"
. 
. Defining command \realsuperscript with sig. 'm' on line 60.
.................................................
.................................................
. LaTeX info: "xparse/define-command"
. 
. Defining command \textsubsuperscript with sig. 'sO{l}mm' on line 138.
.................................................
.................................................
. LaTeX info: "xparse/define-command"
. 
. Defining command \textsupersubscript with sig. 'sO{l}mm' on line 143.
.................................................
\subsupersep=\dimen139
)
(/usr/share/texlive/texmf-dist/tex/latex/metalogo/metalogo.sty
Package: metalogo 2010/05/29 v0.12 Extended TeX logo macros
\xl@everylogo=\toks17
\xl@@everylogo=\toks18
LaTeX Info: Redefining \TeX on input line 193.
LaTeX Info: Redefining \LaTeX on input line 202.
LaTeX Info: Redefining \LaTeXe on input line 219.
)
\l__xetex_show_hyphens_wrapping_box=\box41
\l__xetex_show_hyphens_temp_box=\box42
\l__xetex_show_hyphens_final_box=\box43
\g__xetex_show_hyphens_word_box=\box44
)
(/usr/share/texlive/texmf-dist/tex/latex/polyglossia/polyglossia.sty
Package: polyglossia 2015/08/06 v1.42.0 Alternative to Babel for XeLaTeX and Lu
aLaTeX

(/usr/share/texlive/texmf-dist/tex/latex/etoolbox/etoolbox.sty
Package: etoolbox 2015/08/02 v2.2a e-TeX tools for LaTeX (JAW)
\etb@tempcnta=\count121
)
(/usr/share/texlive/texmf-dist/tex/latex/makecmds/makecmds.sty
Package: makecmds 2009/09/03 v1.0a extra command making commands
)
(/usr/share/texlive/texmf-dist/tex/latex/xkeyval/xkeyval.sty
Package: xkeyval 2014/12/03 v2.7a package option processing (HA)

(/usr/share/texlive/texmf-dist/tex/generic/xkeyval/xkeyval.tex
(/usr/share/texlive/texmf-dist/tex/generic/xkeyval/xkvutils.tex
\XKV@toks=\toks19
\XKV@tempa@toks=\toks20
)
\XKV@depth=\count122
File: xkeyval.tex 2014/12/03 v2.7a key=value parser (HA)
))
\xpg@normalclass=\XeTeXcharclass1
)
(/usr/share/texlive/texmf-dist/tex/latex/polyglossia/gloss-english.ldf
File: gloss-english.ldf polyglossia: module for english
)
Package polyglossia Info: Default language is english.

(/usr/share/texlive/texmf-dist/tex/latex/amsmath/amsmath.sty
Package: amsmath 2016/03/03 v2.15a AMS math features
\@mathmargin=\skip49

For additional information on amsmath, use the `?' option.
(/usr/share/texlive/texmf-dist/tex/latex/amsmath/amstext.sty
Package: amstext 2000/06/29 v2.01 AMS text

(/usr/share/texlive/texmf-dist/tex/latex/amsmath/amsgen.sty
File: amsgen.sty 1999/11/30 v2.0 generic functions
\@emptytoks=\toks21
\ex@=\dimen140
))
(/usr/share/texlive/texmf-dist/tex/latex/amsmath/amsbsy.sty
Package: amsbsy 1999/11/29 v1.2d Bold Symbols
\pmbraise@=\dimen141
)
(/usr/share/texlive/texmf-dist/tex/latex/amsmath/amsopn.sty
Package: amsopn 1999/12/14 v2.01 operator names
)
\inf@bad=\count123
LaTeX Info: Redefining \frac on input line 199.
\uproot@=\count124
\leftroot@=\count125
LaTeX Info: Redefining \overline on input line 297.
\classnum@=\count126
\DOTSCASE@=\count127
LaTeX Info: Redefining \ldots on input line 394.
LaTeX Info: Redefining \dots on input line 397.
LaTeX Info: Redefining \cdots on input line 518.
\Mathstrutbox@=\box45
\strutbox@=\box46
\big@size=\dimen142
LaTeX Font Info:    Redeclaring font encoding OML on input line 630.
LaTeX Font Info:    Redeclaring font encoding OMS on input line 631.
\macc@depth=\count128
\c@MaxMatrixCols=\count129
\dotsspace@=\muskip16
\c@parentequation=\count130
\dspbrk@lvl=\count131
\tag@help=\toks22
\row@=\count132
\column@=\count133
\maxfields@=\count134
\andhelp@=\toks23
\eqnshift@=\dimen143
\alignsep@=\dimen144
\tagshift@=\dimen145
\tagwidth@=\dimen146
\totwidth@=\dimen147
\lineht@=\dimen148
\@envbody=\toks24
\multlinegap=\skip50
\multlinetaggap=\skip51
\mathdisplay@stack=\toks25
LaTeX Info: Redefining \[ on input line 2735.
LaTeX Info: Redefining \] on input line 2736.
)
(/usr/share/texlive/texmf-dist/tex/latex/amsfonts/amsfonts.sty
Package: amsfonts 2013/01/14 v3.01 Basic AMSFonts support
\symAMSa=\mathgroup4
\symAMSb=\mathgroup5
LaTeX Font Info:    Overwriting math alphabet `\mathfrak' in version `bold'
(Font)                  U/euf/m/n --> U/euf/b/n on input line 106.
)
(/usr/share/texlive/texmf-dist/tex/latex/amsfonts/amssymb.sty
Package: amssymb 2013/01/14 v3.01 AMS font symbols
)
(/usr/share/texlive/texmf-dist/tex/latex/graphics/color.sty
Package: color 2016/01/03 v1.1b Standard LaTeX Color (DPC)

(/usr/share/texlive/texmf-dist/tex/latex/latexconfig/color.cfg
File: color.cfg 2007/01/18 v1.5 color configuration of teTeX/TeXLive
)
Package color Info: Driver file: xetex.def on input line 143.
)
(/usr/share/texlive/texmf-dist/tex/latex/soul/soul.sty
Package: soul 2003/11/17 v2.4 letterspacing/underlining (mf)
\SOUL@word=\toks26
\SOUL@lasttoken=\toks27
\SOUL@cmds=\toks28
\SOUL@buffer=\toks29
\SOUL@token=\toks30
\SOUL@spaceskip=\skip52
\SOUL@ttwidth=\dimen149
\SOUL@uldp=\dimen150
\SOUL@ulht=\dimen151
)
(/usr/share/texlive/texmf-dist/tex/latex/hyperref/hyperref.sty
Package: hyperref 2012/11/06 v6.83m Hypertext links for LaTeX

(/usr/share/texlive/texmf-dist/tex/generic/oberdiek/hobsub-hyperref.sty
Package: hobsub-hyperref 2012/05/28 v1.13 Bundle oberdiek, subset hyperref (HO)


(/usr/share/texlive/texmf-dist/tex/generic/oberdiek/hobsub-generic.sty
Package: hobsub-generic 2012/05/28 v1.13 Bundle oberdiek, subset generic (HO)
Package: hobsub 2012/05/28 v1.13 Construct package bundles (HO)
Package hobsub Info: Skipping package `infwarerr' (already loaded).
Package hobsub Info: Skipping package `ltxcmds' (already loaded).
Package hobsub Info: Skipping package `ifluatex' (already loaded).
Package: ifvtex 2010/03/01 v1.5 Detect VTeX and its facilities (HO)
Package ifvtex Info: VTeX not detected.
Package: intcalc 2007/09/27 v1.1 Expandable calculations with integers (HO)
Package: ifpdf 2011/01/30 v2.3 Provides the ifpdf switch (HO)
Package ifpdf Info: pdfTeX in PDF mode is not detected.
Package: etexcmds 2011/02/16 v1.5 Avoid name clashes with e-TeX commands (HO)
Package etexcmds Info: Could not find \expanded.
(etexcmds)             That can mean that you are not using pdfTeX 1.50 or
(etexcmds)             that some package has redefined \expanded.
(etexcmds)             In the latter case, load this package earlier.
Package: kvsetkeys 2012/04/25 v1.16 Key value parser (HO)
Package: kvdefinekeys 2011/04/07 v1.3 Define keys (HO)
Package: pdftexcmds 2011/11/29 v0.20 Utility functions of pdfTeX for LuaTeX (HO
)
Package pdftexcmds Info: LuaTeX not detected.
Package pdftexcmds Info: pdfTeX >= 1.30 not detected.
Package pdftexcmds Info: \pdf@primitive is available.
Package pdftexcmds Info: \pdf@ifprimitive is available.
Package pdftexcmds Info: \pdfdraftmode not found.
Package: pdfescape 2011/11/25 v1.13 Implements pdfTeX's escape features (HO)
Package: bigintcalc 2012/04/08 v1.3 Expandable calculations on big integers (HO
)
Package: bitset 2011/01/30 v1.1 Handle bit-vector datatype (HO)
Package: uniquecounter 2011/01/30 v1.2 Provide unlimited unique counter (HO)
)
Package hobsub Info: Skipping package `hobsub' (already loaded).
Package: letltxmacro 2010/09/02 v1.4 Let assignment for LaTeX macros (HO)
Package: hopatch 2012/05/28 v1.2 Wrapper for package hooks (HO)
Package: xcolor-patch 2011/01/30 xcolor patch
Package: atveryend 2011/06/30 v1.8 Hooks at the very end of document (HO)
Package: atbegshi 2011/10/05 v1.16 At begin shipout hook (HO)
Package: refcount 2011/10/16 v3.4 Data extraction from label references (HO)
Package: hycolor 2011/01/30 v1.7 Color options for hyperref/bookmark (HO)
)
(/usr/share/texlive/texmf-dist/tex/latex/oberdiek/auxhook.sty
Package: auxhook 2011/03/04 v1.3 Hooks for auxiliary files (HO)
)
(/usr/share/texlive/texmf-dist/tex/latex/oberdiek/kvoptions.sty
Package: kvoptions 2011/06/30 v3.11 Key value format for package options (HO)
)
\@linkdim=\dimen152
\Hy@linkcounter=\count135
\Hy@pagecounter=\count136

(/usr/share/texlive/texmf-dist/tex/latex/hyperref/pd1enc.def
File: pd1enc.def 2012/11/06 v6.83m Hyperref: PDFDocEncoding definition (HO)
)
\Hy@SavedSpaceFactor=\count137

(/usr/share/texlive/texmf-dist/tex/latex/latexconfig/hyperref.cfg
File: hyperref.cfg 2002/06/06 v1.2 hyperref configuration of TeXLive
)
Package hyperref Info: Hyper figures OFF on input line 4443.
Package hyperref Info: Link nesting OFF on input line 4448.
Package hyperref Info: Hyper index ON on input line 4451.
Package hyperref Info: Plain pages OFF on input line 4458.
Package hyperref Info: Backreferencing OFF on input line 4463.
Package hyperref Info: Implicit mode ON; LaTeX internals redefined.
Package hyperref Info: Bookmarks ON on input line 4688.
\c@Hy@tempcnt=\count138

(/usr/share/texlive/texmf-dist/tex/latex/url/url.sty
\Urlmuskip=\muskip17
Package: url 2013/09/16  ver 3.4  Verb mode for urls, etc.
)
LaTeX Info: Redefining \url on input line 5041.
\XeTeXLinkMargin=\dimen153
\Fld@menulength=\count139
\Field@Width=\dimen154
\Fld@charsize=\dimen155
Package hyperref Info: Hyper figures OFF on input line 6295.
Package hyperref Info: Link nesting OFF on input line 6300.
Package hyperref Info: Hyper index ON on input line 6303.
Package hyperref Info: backreferencing OFF on input line 6310.
Package hyperref Info: Link coloring OFF on input line 6315.
Package hyperref Info: Link coloring with OCG OFF on input line 6320.
Package hyperref Info: PDF/A mode OFF on input line 6325.
LaTeX Info: Redefining \ref on input line 6365.
LaTeX Info: Redefining \pageref on input line 6369.
\Hy@abspage=\count140
\c@Item=\count141
\c@Hfootnote=\count142
)

Package hyperref Message: Driver (autodetected): hxetex.

(/usr/share/texlive/texmf-dist/tex/latex/hyperref/hxetex.def
File: hxetex.def 2012/11/06 v6.83m Hyperref driver for XeTeX

(/usr/share/texlive/texmf-dist/tex/latex/hyperref/puenc.def
File: puenc.def 2012/11/06 v6.83m Hyperref: PDF Unicode definition (HO)
)
(/usr/share/texlive/texmf-dist/tex/generic/oberdiek/stringenc.sty
Package: stringenc 2011/12/02 v1.10 Convert strings between diff. encodings (HO
)
)
\pdfm@box=\box47
\c@Hy@AnnotLevel=\count143
\HyField@AnnotCount=\count144
\Fld@listcount=\count145
\c@bookmark@seq@number=\count146

(/usr/share/texlive/texmf-dist/tex/latex/oberdiek/rerunfilecheck.sty
Package: rerunfilecheck 2011/04/15 v1.7 Rerun checks for auxiliary files (HO)
Package rerunfilecheck Info: Feature \pdfmdfivesum is not available
(rerunfilecheck)             (e.g. pdfTeX or LuaTeX with package `pdftexcmds').

(rerunfilecheck)             Therefore file contents cannot be checked efficien
tly
(rerunfilecheck)             and the loading of the package is aborted.
)
\Hy@SectionHShift=\skip53
)
(/usr/share/texlive/texmf-dist/tex/latex/cleveref/cleveref.sty
Package: cleveref 2013/12/28 v0.19 Intelligent cross-referencing
Package cleveref Info: `hyperref' support loaded on input line 2230.
LaTeX Info: Redefining \cref on input line 2230.
LaTeX Info: Redefining \Cref on input line 2230.
LaTeX Info: Redefining \crefrange on input line 2230.
LaTeX Info: Redefining \Crefrange on input line 2230.
LaTeX Info: Redefining \cpageref on input line 2230.
LaTeX Info: Redefining \Cpageref on input line 2230.
LaTeX Info: Redefining \cpagerefrange on input line 2230.
LaTeX Info: Redefining \Cpagerefrange on input line 2230.
LaTeX Info: Redefining \labelcref on input line 2230.
LaTeX Info: Redefining \labelcpageref on input line 2230.
Package cleveref Info: always capitalise cross-reference names on input line 74
65.
Package cleveref Info: always capitalise cross-reference names on input line 74
93.
)
(/usr/share/texlive/texmf-dist/tex/latex/showlabels/showlabels.sty
Package: showlabels 2015/12/08 v1.7

Package: `showlabels' v1.7 <2015/12/08>
with amsmath equation tags
\SL@labelposition=\count147
) (/usr/share/texlive/texmf-dist/tex/latex/mhchem/mhchem.sty
Package: mhchem 2016/02/07 v4.04 for typesetting chemical formulae

(/usr/share/texlive/texmf-dist/tex/latex/l3packages/l3keys2e/l3keys2e.sty
Package: l3keys2e 2016/01/19 v6377 LaTeX2e option processing using LaTeX3 keys
)
(/usr/share/texlive/texmf-dist/tex/latex/l3experimental/l3str/l3regex.sty
Package: l3regex 2016/01/19 v6377 L3 Experimental regular expressions

(/usr/share/texlive/texmf-dist/tex/latex/l3experimental/l3str/l3tl-build.sty
Package: l3tl-build 2016/01/19 v6377 L3 Experimental token list construction
\l__tl_build_start_index_int=\count148
\l__tl_build_index_int=\count149
)
(/usr/share/texlive/texmf-dist/tex/latex/l3experimental/l3str/l3tl-analysis.sty
Package: l3tl-analysis 2015/11/09 v6244 L3 Experimental token lists analysis
\l__tl_analysis_normal_int=\count150
\l__tl_analysis_index_int=\count151
\l__tl_analysis_nesting_int=\count152
\l__tl_analysis_type_int=\count153
) (/usr/share/texlive/texmf-dist/tex/latex/l3experimental/l3str/l3flag.sty
Package: l3flag 2016/01/19 v6377 L3 Experimental flags
)
(/usr/share/texlive/texmf-dist/tex/latex/l3experimental/l3str/l3str-convert.sty
Package: l3str-convert 2015/09/26 v6106 L3 Experimental string encoding convers
ions
\l__str_internal_int=\count154
)
\l__regex_internal_a_int=\count155
\l__regex_internal_b_int=\count156
\l__regex_internal_c_int=\count157
\l__regex_balance_int=\count158
\l__regex_group_level_int=\count159
\l__regex_mode_int=\count160
\l__regex_catcodes_int=\count161
\l__regex_default_catcodes_int=\count162
\c__regex_catcode_L_int=\count163
\c__regex_catcode_O_int=\count164
\c__regex_catcode_A_int=\count165
\c__regex_all_catcodes_int=\count166
\l__regex_show_lines_int=\count167
\l__regex_min_state_int=\count168
\l__regex_max_state_int=\count169
\l__regex_left_state_int=\count170
\l__regex_right_state_int=\count171
\l__regex_capturing_group_int=\count172
\l__regex_min_pos_int=\count173
\l__regex_max_pos_int=\count174
\l__regex_current_pos_int=\count175
\l__regex_start_pos_int=\count176
\l__regex_success_pos_int=\count177
\l__regex_current_char_int=\count178
\l__regex_current_catcode_int=\count179
\l__regex_last_char_int=\count180
\l__regex_case_changed_char_int=\count181
\l__regex_current_state_int=\count182
\l__regex_step_int=\count183
\l__regex_min_active_int=\count184
\l__regex_max_active_int=\count185
\l__regex_replacement_csnames_int=\count186
\l__regex_match_count_int=\count187
\l__regex_submatch_int=\count188
\l__regex_zeroth_submatch_int=\count189
) (/usr/share/texlive/texmf-dist/tex/latex/tools/calc.sty
Package: calc 2014/10/28 v4.3 Infix arithmetic (KKT,FJ)
\calc@Acount=\count190
\calc@Bcount=\count191
\calc@Adimen=\dimen156
\calc@Bdimen=\dimen157
\calc@Askip=\skip54
\calc@Bskip=\skip55
LaTeX Info: Redefining \setlength on input line 80.
LaTeX Info: Redefining \addtolength on input line 81.
\calc@Ccount=\count192
\calc@Cskip=\skip56
)
(/usr/share/texlive/texmf-dist/tex/latex/chemgreek/chemgreek.sty
Package: chemgreek 2016/02/10 v1.0e interfaceforuprightgreeklettersforuseinchem
istry (CN)
\l__chemgreek_tmpa_int=\count193
\g__chemgreek_tmpa_int=\count194
.................................................
. LaTeX info: "xparse/define-command"
. 
. Defining command \newchemgreekmapping with sig. 'O{}mm' on line 336.
.................................................
.................................................
. LaTeX info: "xparse/define-command"
. 
. Defining command \renewchemgreekmapping with sig. 'O{}mm' on line 339.
.................................................
.................................................
. LaTeX info: "xparse/define-command"
. 
. Defining command \declarechemgreekmapping with sig. 'O{}mm' on line 342.
.................................................
.................................................
. LaTeX info: "xparse/define-command"
. 
. Defining command \newchemgreekmappingalias with sig. 'mm' on line 347.
.................................................
.................................................
. LaTeX info: "xparse/define-command"
. 
. Defining command \renewchemgreekmappingalias with sig. 'mm' on line 350.
.................................................
.................................................
. LaTeX info: "xparse/define-command"
. 
. Defining command \declarechemgreekmappingalias with sig. 'mm' on line 353.
.................................................
.................................................
. LaTeX info: "xparse/define-command"
. 
. Defining command \changechemgreeksymbol with sig. 'mmmm' on line 383.
.................................................
.................................................
. LaTeX info: "xparse/define-command"
. 
. Defining command \chemgreekmappingsymbol with sig. 'mm' on line 477.
.................................................
.................................................
. LaTeX info: "xparse/define-command"
. 
. Defining command \activatechemgreekmapping with sig. 'sm' on line 486.
.................................................
.................................................
. LaTeX info: "xparse/define-command"
. 
. Defining command \selectchemgreekmapping with sig. 'm' on line 491.
.................................................
)
\l__mhchem_ce_distanceFromLastComma_int=\count195
\__mhchem_arrow_extPgfLength_skip=\skip57
\mhchem@minispace@tmp=\skip58
\mhchem@minibackspace@tmp=\skip59
\mhchem@bondwidth=\skip60
\mhchem@bondheight=\skip61
\mhchem@smallbondwidth@tmpA=\skip62
\mhchem@smallbondwidth@tmpB=\skip63
\mhchem@smallbondwidth=\skip64
\mhchem@bondtmp@minussidebearingleft=\skip65
\mhchem@bondtmp@minussidebearingright=\skip66
\l__mhchem_option_version_int=\count196
\mhchem@option@minusmathsidebearingleft=\dimen158
\mhchem@option@minusmathsidebearingright=\dimen159
\mhchem@option@minustextsidebearingleft=\dimen160
\mhchem@option@minustextsidebearingright=\dimen161
)
(/usr/share/texlive/texmf-dist/tex/latex/pdfpages/pdfpages.sty
Package: pdfpages 2015/09/18 v0.5d Insert pages of external PDF documents (AM)

(/usr/share/texlive/texmf-dist/tex/latex/base/ifthen.sty
Package: ifthen 2014/09/29 v1.1c Standard LaTeX ifthen package (DPC)
)
(/usr/share/texlive/texmf-dist/tex/latex/eso-pic/eso-pic.sty
Package: eso-pic 2015/07/21 v2.0g eso-pic (RN)
)
\AM@pagewidth=\dimen162
\AM@pageheight=\dimen163

(/usr/share/texlive/texmf-dist/tex/latex/pdfpages/ppxetex.def
File: ppxetex.def 2015/09/18 v0.5d Pdfpages driver for XeTeX (AM)
)
\AM@pagebox=\box48
\AM@toc@title=\toks31
\c@AM@survey=\count197
\AM@templatesizebox=\box49
)
(/usr/share/texlive/texmf-dist/tex/latex/siunitx/siunitx.sty
Package: siunitx 2016/03/01 v2.6q A comprehensive (SI) units package

(/usr/share/texlive/texmf-dist/tex/latex/tools/array.sty
Package: array 2014/10/28 v2.4c Tabular extension package (FMi)
\col@sep=\dimen164
\extrarowheight=\dimen165
\NC@list=\toks32
\extratabsurround=\skip67
\backup@length=\skip68
)
\l__siunitx_tmp_box=\box50
\l__siunitx_tmp_dim=\dimen166
\l__siunitx_tmp_int=\count198
\l__siunitx_number_mantissa_length_int=\count199
\l__siunitx_number_uncert_length_int=\count266
\l__siunitx_round_int=\count267
\l__siunitx_process_decimal_int=\count268
\l__siunitx_process_uncertainty_int=\count269
\l__siunitx_process_fixed_int=\count270
\l__siunitx_process_integer_min_int=\count271
\l__siunitx_process_precision_int=\count272
\l__siunitx_group_min_int=\count273
\l__siunitx_angle_marker_box=\box51
\l__siunitx_angle_unit_box=\box52
\l__siunitx_angle_marker_dim=\dimen167
\l__siunitx_angle_unit_dim=\dimen168
\l__siunitx_unit_int=\count274
\l__siunitx_unit_denominator_int=\count275
\l__siunitx_unit_numerator_int=\count276
\l__siunitx_unit_prefix_int=\count277
\l__siunitx_unit_prefix_base_int=\count278
\l__siunitx_unit_prefix_gram_int=\count279
\l__siunitx_number_product_int=\count280
\c__siunitx_one_fill_skip=\skip69
\l__siunitx_table_unit_align_skip=\skip70
\l__siunitx_table_exponent_dim=\dimen169
\l__siunitx_table_integer_dim=\dimen170
\l__siunitx_table_mantissa_dim=\dimen171
\l__siunitx_table_marker_dim=\dimen172
\l__siunitx_table_result_dim=\dimen173
\l__siunitx_table_uncert_dim=\dimen174
\l__siunitx_table_fill_pre_dim=\dimen175
\l__siunitx_table_fill_post_dim=\dimen176
\l__siunitx_table_fill_mid_dim=\dimen177
\l__siunitx_table_pre_box=\box53
\l__siunitx_table_post_box=\box54
\l__siunitx_table_mantissa_box=\box55
\l__siunitx_table_result_box=\box56
\l__siunitx_table_number_align_skip=\skip71
\l__siunitx_table_text_align_skip=\skip72
.................................................
. LaTeX info: "xparse/define-command"
. 
. Defining command \DeclareBinaryPrefix with sig. 'mmm' on line 7218.
.................................................
.................................................
. LaTeX info: "xparse/define-command"
. 
. Defining command \DeclareSIPostPower with sig. 'mm' on line 7221.
.................................................
.................................................
. LaTeX info: "xparse/define-command"
. 
. Defining command \DeclareSIPrefix with sig. 'mmm' on line 7224.
.................................................
.................................................
. LaTeX info: "xparse/define-command"
. 
. Defining command \DeclareSIPrePower with sig. 'mm' on line 7227.
.................................................
.................................................
. LaTeX info: "xparse/define-command"
. 
. Defining command \DeclareSIQualifier with sig. 'mm' on line 7230.
.................................................
.................................................
. LaTeX info: "xparse/define-command"
. 
. Defining command \DeclareSIUnit with sig. 'O{}mm' on line 7233.
.................................................
.................................................
. LaTeX info: "xparse/define-command"
. 
. Defining command \DeclareSIUnitWithOptions with sig. 'mmm' on line 7236.
.................................................
.................................................
. LaTeX info: "xparse/define-command"
. 
. Defining command \ang with sig. 'o>{\SplitArgument {2}{;}}m' on line 7251.
.................................................
.................................................
. LaTeX info: "xparse/define-command"
. 
. Defining command \num with sig. 'om' on line 7260.
.................................................
.................................................
. LaTeX info: "xparse/define-command"
. 
. Defining command \numlist with sig. 'o>{\SplitList {;}}m' on line 7269.
.................................................
.................................................
. LaTeX info: "xparse/define-command"
. 
. Defining command \numrange with sig. 'omm' on line 7278.
.................................................
.................................................
. LaTeX info: "xparse/define-command"
. 
. Defining command \SIlist with sig. 'o>{\SplitList {;}}mm' on line 7290.
.................................................
.................................................
. LaTeX info: "xparse/define-command"
. 
. Defining command \SIrange with sig. 'ommm' on line 7302.
.................................................
.................................................
. LaTeX info: "xparse/define-command"
. 
. Defining command \SI with sig. 'omom' on line 7314.
.................................................
.................................................
. LaTeX info: "xparse/define-command"
. 
. Defining command \sisetup with sig. 'm' on line 7317.
.................................................
.................................................
. LaTeX info: "xparse/define-command"
. 
. Defining command \tablenum with sig. 'om' on line 7332.
.................................................
.................................................
. LaTeX info: "xparse/define-command"
. 
. Defining command \si with sig. 'om' on line 7344.
.................................................
.................................................
. LaTeX info: "xparse/define-command"
. 
. Defining command \__siunitx_bookmark_num:w with sig. 'om' on line 7391.
.................................................
.................................................
. LaTeX info: "xparse/define-command"
. 
. Defining command \__siunitx_bookmark_numrange:w with sig. 'omm' on line
. 7393.
.................................................
.................................................
. LaTeX info: "xparse/define-command"
. 
. Defining command \__siunitx_bookmark_SI:w with sig. 'omom' on line 7395.
.................................................
.................................................
. LaTeX info: "xparse/define-command"
. 
. Defining command \__siunitx_bookmark_SIlist:w with sig. 'omm' on line 7397.
.................................................
.................................................
. LaTeX info: "xparse/define-command"
. 
. Defining command \__siunitx_bookmark_SIrange:w with sig. 'ommm' on line
. 7399.
.................................................
.................................................
. LaTeX info: "xparse/define-command"
. 
. Defining command \__siunitx_bookmark_si:w with sig. 'om' on line 7400.
.................................................

(/usr/share/texlive/texmf-dist/tex/latex/beamer/translator/translator.sty
Package: translator 2010/06/12 ver 1.10

(/usr/share/texlive/texmf-dist/tex/latex/beamer/translator/translator-language-
mappings.tex))) (/usr/share/texlive/texmf-dist/tex/latex/cancel/cancel.sty
Package: cancel 2013/04/12 v2.2 Cancel math terms
)
(/usr/share/texlive/texmf-dist/tex/latex/booktabs/booktabs.sty
Package: booktabs 2005/04/14 v1.61803 publication quality tables
\heavyrulewidth=\dimen178
\lightrulewidth=\dimen179
\cmidrulewidth=\dimen180
\belowrulesep=\dimen181
\belowbottomsep=\dimen182
\aboverulesep=\dimen183
\abovetopsep=\dimen184
\cmidrulesep=\dimen185
\cmidrulekern=\dimen186
\defaultaddspace=\dimen187
\@cmidla=\count281
\@cmidlb=\count282
\@aboverulesep=\dimen188
\@belowrulesep=\dimen189
\@thisruleclass=\count283
\@lastruleclass=\count284
\@thisrulewidth=\dimen190
)
(/usr/share/texlive/texmf-dist/tex/latex/tablefootnote/tablefootnote.sty
Package: tablefootnote 2014/01/26 v1.1c Table foot notes (HMM)

(/usr/share/texlive/texmf-dist/tex/latex/xifthen/xifthen.sty
Package: xifthen 2015/11/05 v1.4.0 Extended ifthen features

(/usr/share/texlive/texmf-dist/tex/latex/ifmtarg/ifmtarg.sty
Package: ifmtarg 2009/09/02 v1.2a check for an empty argument
)))
(./AC-CH-nodef.aux)
\openout1 = `AC-CH-nodef.aux'.

LaTeX Font Info:    Checking defaults for OML/cmm/m/it on input line 44.
LaTeX Font Info:    ... okay on input line 44.
LaTeX Font Info:    Checking defaults for T1/cmr/m/n on input line 44.
LaTeX Font Info:    ... okay on input line 44.
LaTeX Font Info:    Checking defaults for OT1/cmr/m/n on input line 44.
LaTeX Font Info:    ... okay on input line 44.
LaTeX Font Info:    Checking defaults for OMS/cmsy/m/n on input line 44.
LaTeX Font Info:    ... okay on input line 44.
LaTeX Font Info:    Checking defaults for OMX/cmex/m/n on input line 44.
LaTeX Font Info:    ... okay on input line 44.
LaTeX Font Info:    Checking defaults for U/cmr/m/n on input line 44.
LaTeX Font Info:    ... okay on input line 44.
LaTeX Font Info:    Checking defaults for EU1/lmr/m/n on input line 44.
LaTeX Font Info:    ... okay on input line 44.
LaTeX Font Info:    Checking defaults for T3/cmr/m/n on input line 44.
LaTeX Font Info:    Try loading font information for T3+cmr on input line 44.
 (/usr/share/texmf/tex/latex/tipa/t3cmr.fd
File: t3cmr.fd 2001/12/31 TIPA font definitions
)
LaTeX Font Info:    ... okay on input line 44.
LaTeX Font Info:    Checking defaults for PD1/pdf/m/n on input line 44.
LaTeX Font Info:    ... okay on input line 44.
LaTeX Font Info:    Checking defaults for PU/pdf/m/n on input line 44.
LaTeX Font Info:    ... okay on input line 44.
.................................................
. fontspec info: "setup-math"
. 
. Adjusting the maths setup (use [no-math] to avoid this).
.................................................
\symlegacymaths=\mathgroup6
LaTeX Font Info:    Overwriting symbol font `legacymaths' in version `bold'
(Font)                  OT1/cmr/m/n --> OT1/cmr/bx/n on input line 44.
LaTeX Font Info:    Redeclaring math accent \acute on input line 44.
LaTeX Font Info:    Redeclaring math accent \grave on input line 44.
LaTeX Font Info:    Redeclaring math accent \ddot on input line 44.
LaTeX Font Info:    Redeclaring math accent \tilde on input line 44.
LaTeX Font Info:    Redeclaring math accent \bar on input line 44.
LaTeX Font Info:    Redeclaring math accent \breve on input line 44.
LaTeX Font Info:    Redeclaring math accent \check on input line 44.
LaTeX Font Info:    Redeclaring math accent \hat on input line 44.
LaTeX Font Info:    Redeclaring math accent \dot on input line 44.
LaTeX Font Info:    Redeclaring math accent \mathring on input line 44.
LaTeX Font Info:    Redeclaring math symbol \Gamma on input line 44.
LaTeX Font Info:    Redeclaring math symbol \Delta on input line 44.
LaTeX Font Info:    Redeclaring math symbol \Theta on input line 44.
LaTeX Font Info:    Redeclaring math symbol \Lambda on input line 44.
LaTeX Font Info:    Redeclaring math symbol \Xi on input line 44.
LaTeX Font Info:    Redeclaring math symbol \Pi on input line 44.
LaTeX Font Info:    Redeclaring math symbol \Sigma on input line 44.
LaTeX Font Info:    Redeclaring math symbol \Upsilon on input line 44.
LaTeX Font Info:    Redeclaring math symbol \Phi on input line 44.
LaTeX Font Info:    Redeclaring math symbol \Psi on input line 44.
LaTeX Font Info:    Redeclaring math symbol \Omega on input line 44.
LaTeX Font Info:    Redeclaring math symbol \mathdollar on input line 44.
LaTeX Font Info:    Redeclaring symbol font `operators' on input line 44.
LaTeX Font Info:    Encoding `OT1' has changed to `EU1' for symbol font
(Font)              `operators' in the math version `normal' on input line 44.
LaTeX Font Info:    Overwriting symbol font `operators' in version `normal'
(Font)                  OT1/cmr/m/n --> EU1/lmr/m/n on input line 44.
LaTeX Font Info:    Encoding `OT1' has changed to `EU1' for symbol font
(Font)              `operators' in the math version `bold' on input line 44.
LaTeX Font Info:    Overwriting symbol font `operators' in version `bold'
(Font)                  OT1/cmr/bx/n --> EU1/lmr/m/n on input line 44.
LaTeX Font Info:    Overwriting symbol font `operators' in version `normal'
(Font)                  EU1/lmr/m/n --> EU1/lmr/m/n on input line 44.
LaTeX Font Info:    Overwriting math alphabet `\mathit' in version `normal'
(Font)                  OT1/cmr/m/it --> EU1/lmr/m/it on input line 44.
LaTeX Font Info:    Overwriting math alphabet `\mathbf' in version `normal'
(Font)                  OT1/cmr/bx/n --> EU1/lmr/bx/n on input line 44.
LaTeX Font Info:    Overwriting math alphabet `\mathsf' in version `normal'
(Font)                  OT1/cmss/m/n --> EU1/lmss/m/n on input line 44.
LaTeX Font Info:    Overwriting math alphabet `\mathtt' in version `normal'
(Font)                  OT1/cmtt/m/n --> EU1/lmtt/m/n on input line 44.
LaTeX Font Info:    Overwriting symbol font `operators' in version `bold'
(Font)                  EU1/lmr/m/n --> EU1/lmr/bx/n on input line 44.
LaTeX Font Info:    Overwriting math alphabet `\mathit' in version `bold'
(Font)                  OT1/cmr/bx/it --> EU1/lmr/bx/it on input line 44.
LaTeX Font Info:    Overwriting math alphabet `\mathsf' in version `bold'
(Font)                  OT1/cmss/bx/n --> EU1/lmss/bx/n on input line 44.
LaTeX Font Info:    Overwriting math alphabet `\mathtt' in version `bold'
(Font)                  OT1/cmtt/m/n --> EU1/lmtt/bx/n on input line 44.
\AtBeginShipoutBox=\box57
Package hyperref Info: Link coloring OFF on input line 44.

(/usr/share/texlive/texmf-dist/tex/latex/hyperref/nameref.sty
Package: nameref 2012/10/27 v2.43 Cross-referencing by name of section

(/usr/share/texlive/texmf-dist/tex/generic/oberdiek/gettitlestring.sty
Package: gettitlestring 2010/12/03 v1.4 Cleanup title references (HO)
)
\c@section@level=\count285
)
LaTeX Info: Redefining \ref on input line 44.
LaTeX Info: Redefining \pageref on input line 44.
LaTeX Info: Redefining \nameref on input line 44.

(./AC-CH-nodef.out) (./AC-CH-nodef.out)
\@outlinefile=\write3
\openout3 = `AC-CH-nodef.out'.

.................................................
. chemgreek info: "mapping-activated"
. 
. Activating mapping `fontspec' on line 44.
.................................................

(/usr/share/texlive/texmf-dist/tex/latex/oberdiek/pdflscape.sty
Package: pdflscape 2008/08/11 v0.10 Display of landscape pages in PDF (HO)

(/usr/share/texlive/texmf-dist/tex/latex/graphics/lscape.sty
Package: lscape 2000/10/22 v3.01 Landscape Pages (DPC)
)
Package pdflscape Info: Auto-detected driver: dvipdfm (xetex) on input line 98.

)
(/usr/share/texlive/texmf-dist/tex/latex/beamer/translator/dicts/translator-bas
ic-dictionary/translator-basic-dictionary-English.dict
Dictionary: translator-basic-dictionary, Language: English 
)
(/usr/share/texlive/texmf-dist/tex/latex/siunitx/siunitx-abbreviations.cfg
File: siunitx-abbreviations.cfg 2016/03/01 v2.6q siunitx: Abbreviated units
)
\c__siunitx_mathsf_int=\count286
LaTeX Font Info:    Try loading font information for U+msa on input line 44.

(/usr/share/texlive/texmf-dist/tex/latex/amsfonts/umsa.fd
File: umsa.fd 2013/01/14 v3.01 AMS symbols A
)
LaTeX Font Info:    Try loading font information for U+msb on input line 44.

(/usr/share/texlive/texmf-dist/tex/latex/amsfonts/umsb.fd
File: umsb.fd 2013/01/14 v3.01 AMS symbols B
)
\c__siunitx_mathtt_int=\count287
LaTeX Font Info:    Try loading font information for EU1+lmtt on input line 44.


(/usr/share/texlive/texmf-dist/tex/latex/euenc/eu1lmtt.fd
File: eu1lmtt.fd 2009/10/30 v1.6 Font defs for Latin Modern
)
(/usr/share/texlive/texmf-dist/tex/generic/oberdiek/se-ascii-print.def
File: se-ascii-print.def 2011/12/02 v1.10 stringenc: Printable ASCII characters

)
[1

] [2] [3] [4] [5] [6] [7] [8]
Overfull \hbox (57.01994pt too wide) in paragraph at lines 385--385
[]  \EU1/lmtt/m/n/12 petsc_options_iname = '-pc_type -sub_pc_type   -sub_pc_fac
tor_shift_type'[] 
 []

(./AC-CH-nodef.bbl [9])
Package atveryend Info: Empty hook `BeforeClearDocument' on input line 391.
 [10]
Package atveryend Info: Empty hook `AfterLastShipout' on input line 391.
 (./AC-CH-nodef.aux
Package cleveref Info: loaded `english' language definitions on input line 20.
)
Package atveryend Info: Empty hook `AtVeryEndDocument' on input line 391.
Package atveryend Info: Empty hook `AtEndAfterFileList' on input line 391.
 ) 
Here is how much of TeX's memory you used:
 28889 strings out of 493638
 553310 string characters out of 6146796
 738782 words of memory out of 5000000
 31972 multiletter control sequences out of 15000+600000
 18008 words of font info for 101 fonts, out of 8000000 for 9000
 1328 hyphenation exceptions out of 8191
 48i,19n,45p,10389b,875s stack positions out of 5000i,500n,10000p,200000b,80000s

Output written on AC-CH-nodef.pdf (10 pages).
