

[31m

*** ERROR ***
A 'CrystalPlasticityStateVarRateComponentVoceP' is not a registered object.

We loaded objects from the following libraries and still couldn't find your object:
	(NONE)


Make sure you have compiled the library and either set the "library_path" variable in your input file or exported "MOOSE_LIBRARY_PATH".[39m




[31m

*** ERROR ***
A 'CrystalPlasticityStateVarRateComponentVoceP' is not a registered object.

We loaded objects from the following libraries and still couldn't find your object:
	(NONE)


Make sure you have compiled the library and either set the "library_path" variable in your input file or exported "MOOSE_LIBRARY_PATH".[39m




[31m

*** ERROR ***
A 'CrystalPlasticityStateVarRateComponentVoceP' is not a registered object.

We loaded objects from the following libraries and still couldn't find your object:
	(NONE)


Make sure you have compiled the library and either set the "library_path" variable in your input file or exported "MOOSE_LIBRARY_PATH".[39m




[31m

*** ERROR ***
A 'CrystalPlasticityStateVarRateComponentVoceP' is not a registered object.

We loaded objects from the following libraries and still couldn't find your object:
	(NONE)


Make sure you have compiled the library and either set the "library_path" variable in your input file or exported "MOOSE_LIBRARY_PATH".[39m




[31m

*** ERROR ***
A 'CrystalPlasticityStateVarRateComponentVoceP' is not a registered object.

We loaded objects from the following libraries and still couldn't find your object:
	(NONE)


Make sure you have compiled the library and either set the "library_path" variable in your input file or exported "MOOSE_LIBRARY_PATH".[39m




[31m

*** ERROR ***
A 'CrystalPlasticityStateVarRateComponentVoceP' is not a registered object.

We loaded objects from the following libraries and still couldn't find your object:
	(NONE)


Make sure you have compiled the library and either set the "library_path" variable in your input file or exported "MOOSE_LIBRARY_PATH".[39m




[31m

*** ERROR ***
A 'CrystalPlasticityStateVarRateComponentVoceP' is not a registered object.

We loaded objects from the following libraries and still couldn't find your object:
	(NONE)


Make sure you have compiled the library and either set the "library_path" variable in your input file or exported "MOOSE_LIBRARY_PATH".[39m




[31m

*** ERROR ***
A 'CrystalPlasticityStateVarRateComponentVoceP' is not a registered object.

We loaded objects from the following libraries and still couldn't find your object:
	(NONE)


Make sure you have compiled the library and either set the "library_path" variable in your input file or exported "MOOSE_LIBRARY_PATH".[39m




[31m

*** ERROR ***
A 'CrystalPlasticityStateVarRateComponentVoceP' is not a registered object.

We loaded objects from the following libraries and still couldn't find your object:
	(NONE)


Make sure you have compiled the library and either set the "library_path" variable in your input file or exported "MOOSE_LIBRARY_PATH".[39m




[31m

*** ERROR ***
A 'CrystalPlasticityStateVarRateComponentVoceP' is not a registered object.

We loaded objects from the following libraries and still couldn't find your object:
	(NONE)


Make sure you have compiled the library and either set the "library_path" variable in your input file or exported "MOOSE_LIBRARY_PATH".[39m
q




[31m

*** ERROR ***
A 'CrystalPlasticityStateVarRateComponentVoceP' is not a registered object.

We loaded objects from the following libraries and still couldn't find your object:
	(NONE)


Make sure you have compiled the library and either set the "library_path" variable in your input file or exported "MOOSE_LIBRARY_PATH".[39m




[31m

*** ERROR ***
A 'CrystalPlasticityStateVarRateComponentVoceP' is not a registered object.

We loaded objects from the following libraries and still couldn't find your object:
	(NONE)


Make sure you have compiled the library and either set the "library_path" variable in your input file or exported "MOOSE_LIBRARY_PATH".[39m




[31m

*** ERROR ***
A 'CrystalPlasticityStateVarRateComponentVoceP' is not a registered object.

We loaded objects from the following libraries and still couldn't find your object:
	(NONE)


Make sure you have compiled the library and either set the "library_path" variable in your input file or exported "MOOSE_LIBRARY_PATH".[39m




[31m

*** ERROR ***
A 'CrystalPlasticityStateVarRateComponentVoceP' is not a registered object.

We loaded objects from the following libraries and still couldn't find your object:
	(NONE)


Make sure you have compiled the library and either set the "library_path" variable in your input file or exported "MOOSE_LIBRARY_PATH".[39m




[31m

*** ERROR ***
A 'CrystalPlasticityStateVarRateComponentVoceP' is not a registered object.

We loaded objects from the following libraries and still couldn't find your object:
	(NONE)


Make sure you have compiled the library and either set the "library_path" variable in your input file or exported "MOOSE_LIBRARY_PATH".[39m




[31m

*** ERROR ***
A 'CrystalPlasticityStateVarRateComponentVoceP' is not a registered object.

We loaded objects from the following libraries and still couldn't find your object:
	(NONE)


Make sure you have compiled the library and either set the "library_path" variable in your input file or exported "MOOSE_LIBRARY_PATH".[39m




[31m

*** ERROR ***
A 'CrystalPlasticityStateVarRateComponentVoceP' is not a registered object.

We loaded objects from the following libraries and still couldn't find your object:
	(NONE)


Make sure you have compiled the library and either set the "library_path" variable in your input file or exported "MOOSE_LIBRARY_PATH".[39m




[31m

*** ERROR ***
A 'CrystalPlasticityStateVarRateComponentVoceP' is not a registered object.

We loaded objects from the following libraries and still couldn't find your object:
	(NONE)


Make sure you have compiled the library and either set the "library_path" variable in your input file or exported "MOOSE_LIBRARY_PATH".[39m




[31m

*** ERROR ***
A 'CrystalPlasticityStateVarRateComponentVoceP' is not a registered object.

We loaded objects from the following libraries and still couldn't find your object:
	(NONE)


Make sure you have compiled the library and either set the "library_path" variable in your input file or exported "MOOSE_LIBRARY_PATH".[39m




[31m

*** ERROR ***
A 'CrystalPlasticityStateVarRateComponentVoceP' is not a registered object.

We loaded objects from the following libraries and still couldn't find your object:
	(NONE)


Make sure you have compiled the library and either set the "library_path" variable in your input file or exported "MOOSE_LIBRARY_PATH".[39m


[au036:129636] 15 more processes have sent help message help-mpi-api.txt / mpi-abort
[au036:129636] Set MCA parameter "orte_base_help_aggregate" to 0 to see all help / error messages
